<?xml version="1.0" encoding="UTF-8"?>
<testsuite xmlns:xsi="http://www.w3.org/2001/XMLSchema-instance" xsi:noNamespaceSchemaLocation="https://maven.apache.org/surefire/maven-surefire-plugin/xsd/surefire-test-report.xsd" name="za.co.laz.poker.fivecard.FiveCardApplicationTests" time="2.347" tests="3" errors="0" skipped="0" failures="0">
  <properties>
    <property name="sun.desktop" value="windows"/>
    <property name="awt.toolkit" value="sun.awt.windows.WToolkit"/>
    <property name="java.specification.version" value="11"/>
    <property name="sun.cpu.isalist" value="amd64"/>
    <property name="sun.jnu.encoding" value="Cp1252"/>
    <property name="java.class.path" value="C:\Users\f5058651\Documents\Work\Loans\Projects\five-card\five-card\target\test-classes;C:\Users\f5058651\Documents\Work\Loans\Projects\five-card\five-card\target\classes;C:\R\org\springframework\boot\spring-boot-starter\2.2.11.RELEASE\spring-boot-starter-2.2.11.RELEASE.jar;C:\R\org\springframework\boot\spring-boot\2.2.11.RELEASE\spring-boot-2.2.11.RELEASE.jar;C:\R\org\springframework\spring-context\5.2.10.RELEASE\spring-context-5.2.10.RELEASE.jar;C:\R\org\springframework\spring-aop\5.2.10.RELEASE\spring-aop-5.2.10.RELEASE.jar;C:\R\org\springframework\spring-beans\5.2.10.RELEASE\spring-beans-5.2.10.RELEASE.jar;C:\R\org\springframework\spring-expression\5.2.10.RELEASE\spring-expression-5.2.10.RELEASE.jar;C:\R\org\springframework\boot\spring-boot-autoconfigure\2.2.11.RELEASE\spring-boot-autoconfigure-2.2.11.RELEASE.jar;C:\R\org\springframework\boot\spring-boot-starter-logging\2.2.11.RELEASE\spring-boot-starter-logging-2.2.11.RELEASE.jar;C:\R\ch\qos\logback\logback-classic\1.2.3\logback-classic-1.2.3.jar;C:\R\ch\qos\logback\logback-core\1.2.3\logback-core-1.2.3.jar;C:\R\org\apache\logging\log4j\log4j-to-slf4j\2.12.1\log4j-to-slf4j-2.12.1.jar;C:\R\org\apache\logging\log4j\log4j-api\2.12.1\log4j-api-2.12.1.jar;C:\R\org\slf4j\jul-to-slf4j\1.7.30\jul-to-slf4j-1.7.30.jar;C:\R\jakarta\annotation\jakarta.annotation-api\1.3.5\jakarta.annotation-api-1.3.5.jar;C:\R\org\springframework\spring-core\5.2.10.RELEASE\spring-core-5.2.10.RELEASE.jar;C:\R\org\springframework\spring-jcl\5.2.10.RELEASE\spring-jcl-5.2.10.RELEASE.jar;C:\R\org\yaml\snakeyaml\1.25\snakeyaml-1.25.jar;C:\R\org\springframework\boot\spring-boot-configuration-processor\2.2.11.RELEASE\spring-boot-configuration-processor-2.2.11.RELEASE.jar;C:\R\org\projectlombok\lombok\1.18.16\lombok-1.18.16.jar;C:\R\org\springframework\boot\spring-boot-starter-test\2.2.11.RELEASE\spring-boot-starter-test-2.2.11.RELEASE.jar;C:\R\org\springframework\boot\spring-boot-test\2.2.11.RELEASE\spring-boot-test-2.2.11.RELEASE.jar;C:\R\org\springframework\boot\spring-boot-test-autoconfigure\2.2.11.RELEASE\spring-boot-test-autoconfigure-2.2.11.RELEASE.jar;C:\R\com\jayway\jsonpath\json-path\2.4.0\json-path-2.4.0.jar;C:\R\net\minidev\json-smart\2.3\json-smart-2.3.jar;C:\R\net\minidev\accessors-smart\1.2\accessors-smart-1.2.jar;C:\R\org\ow2\asm\asm\5.0.4\asm-5.0.4.jar;C:\R\org\slf4j\slf4j-api\1.7.30\slf4j-api-1.7.30.jar;C:\R\jakarta\xml\bind\jakarta.xml.bind-api\2.3.3\jakarta.xml.bind-api-2.3.3.jar;C:\R\jakarta\activation\jakarta.activation-api\1.2.2\jakarta.activation-api-1.2.2.jar;C:\R\org\junit\jupiter\junit-jupiter\5.5.2\junit-jupiter-5.5.2.jar;C:\R\org\junit\jupiter\junit-jupiter-api\5.5.2\junit-jupiter-api-5.5.2.jar;C:\R\org\apiguardian\apiguardian-api\1.1.0\apiguardian-api-1.1.0.jar;C:\R\org\opentest4j\opentest4j\1.2.0\opentest4j-1.2.0.jar;C:\R\org\junit\platform\junit-platform-commons\1.5.2\junit-platform-commons-1.5.2.jar;C:\R\org\junit\jupiter\junit-jupiter-params\5.5.2\junit-jupiter-params-5.5.2.jar;C:\R\org\junit\jupiter\junit-jupiter-engine\5.5.2\junit-jupiter-engine-5.5.2.jar;C:\R\org\junit\platform\junit-platform-engine\1.5.2\junit-platform-engine-1.5.2.jar;C:\R\org\mockito\mockito-junit-jupiter\3.1.0\mockito-junit-jupiter-3.1.0.jar;C:\R\org\assertj\assertj-core\3.13.2\assertj-core-3.13.2.jar;C:\R\org\hamcrest\hamcrest\2.1\hamcrest-2.1.jar;C:\R\org\mockito\mockito-core\3.1.0\mockito-core-3.1.0.jar;C:\R\net\bytebuddy\byte-buddy\1.10.17\byte-buddy-1.10.17.jar;C:\R\net\bytebuddy\byte-buddy-agent\1.10.17\byte-buddy-agent-1.10.17.jar;C:\R\org\objenesis\objenesis\2.6\objenesis-2.6.jar;C:\R\org\skyscreamer\jsonassert\1.5.0\jsonassert-1.5.0.jar;C:\R\com\vaadin\external\google\android-json\0.0.20131108.vaadin1\android-json-0.0.20131108.vaadin1.jar;C:\R\org\springframework\spring-test\5.2.10.RELEASE\spring-test-5.2.10.RELEASE.jar;C:\R\org\xmlunit\xmlunit-core\2.6.4\xmlunit-core-2.6.4.jar;C:\R\junit\junit\4.13\junit-4.13.jar;C:\R\org\hamcrest\hamcrest-core\2.1\hamcrest-core-2.1.jar;"/>
    <property name="java.vm.vendor" value="Oracle Corporation"/>
    <property name="sun.arch.data.model" value="64"/>
    <property name="user.variant" value=""/>
    <property name="java.vendor.url" value="http://java.oracle.com/"/>
    <property name="user.timezone" value="Africa/Harare"/>
    <property name="java.vm.specification.version" value="11"/>
    <property name="os.name" value="Windows 10"/>
    <property name="sun.java.launcher" value="SUN_STANDARD"/>
    <property name="user.country" value="ZA"/>
    <property name="sun.boot.library.path" value="C:\Program Files\Java\jdk11.0_6\bin"/>
    <property name="sun.java.command" value="C:\Users\f5058651\AppData\Local\Temp\surefire16083246621050041750\surefirebooter5405956928129439199.jar C:\Users\f5058651\AppData\Local\Temp\surefire16083246621050041750 2020-11-26T02-17-25_186-jvmRun1 surefire12593525945782555324tmp surefire_09316105777335668270tmp"/>
    <property name="jdk.debug" value="release"/>
    <property name="surefire.test.class.path" value="C:\Users\f5058651\Documents\Work\Loans\Projects\five-card\five-card\target\test-classes;C:\Users\f5058651\Documents\Work\Loans\Projects\five-card\five-card\target\classes;C:\R\org\springframework\boot\spring-boot-starter\2.2.11.RELEASE\spring-boot-starter-2.2.11.RELEASE.jar;C:\R\org\springframework\boot\spring-boot\2.2.11.RELEASE\spring-boot-2.2.11.RELEASE.jar;C:\R\org\springframework\spring-context\5.2.10.RELEASE\spring-context-5.2.10.RELEASE.jar;C:\R\org\springframework\spring-aop\5.2.10.RELEASE\spring-aop-5.2.10.RELEASE.jar;C:\R\org\springframework\spring-beans\5.2.10.RELEASE\spring-beans-5.2.10.RELEASE.jar;C:\R\org\springframework\spring-expression\5.2.10.RELEASE\spring-expression-5.2.10.RELEASE.jar;C:\R\org\springframework\boot\spring-boot-autoconfigure\2.2.11.RELEASE\spring-boot-autoconfigure-2.2.11.RELEASE.jar;C:\R\org\springframework\boot\spring-boot-starter-logging\2.2.11.RELEASE\spring-boot-starter-logging-2.2.11.RELEASE.jar;C:\R\ch\qos\logback\logback-classic\1.2.3\logback-classic-1.2.3.jar;C:\R\ch\qos\logback\logback-core\1.2.3\logback-core-1.2.3.jar;C:\R\org\apache\logging\log4j\log4j-to-slf4j\2.12.1\log4j-to-slf4j-2.12.1.jar;C:\R\org\apache\logging\log4j\log4j-api\2.12.1\log4j-api-2.12.1.jar;C:\R\org\slf4j\jul-to-slf4j\1.7.30\jul-to-slf4j-1.7.30.jar;C:\R\jakarta\annotation\jakarta.annotation-api\1.3.5\jakarta.annotation-api-1.3.5.jar;C:\R\org\springframework\spring-core\5.2.10.RELEASE\spring-core-5.2.10.RELEASE.jar;C:\R\org\springframework\spring-jcl\5.2.10.RELEASE\spring-jcl-5.2.10.RELEASE.jar;C:\R\org\yaml\snakeyaml\1.25\snakeyaml-1.25.jar;C:\R\org\springframework\boot\spring-boot-configuration-processor\2.2.11.RELEASE\spring-boot-configuration-processor-2.2.11.RELEASE.jar;C:\R\org\projectlombok\lombok\1.18.16\lombok-1.18.16.jar;C:\R\org\springframework\boot\spring-boot-starter-test\2.2.11.RELEASE\spring-boot-starter-test-2.2.11.RELEASE.jar;C:\R\org\springframework\boot\spring-boot-test\2.2.11.RELEASE\spring-boot-test-2.2.11.RELEASE.jar;C:\R\org\springframework\boot\spring-boot-test-autoconfigure\2.2.11.RELEASE\spring-boot-test-autoconfigure-2.2.11.RELEASE.jar;C:\R\com\jayway\jsonpath\json-path\2.4.0\json-path-2.4.0.jar;C:\R\net\minidev\json-smart\2.3\json-smart-2.3.jar;C:\R\net\minidev\accessors-smart\1.2\accessors-smart-1.2.jar;C:\R\org\ow2\asm\asm\5.0.4\asm-5.0.4.jar;C:\R\org\slf4j\slf4j-api\1.7.30\slf4j-api-1.7.30.jar;C:\R\jakarta\xml\bind\jakarta.xml.bind-api\2.3.3\jakarta.xml.bind-api-2.3.3.jar;C:\R\jakarta\activation\jakarta.activation-api\1.2.2\jakarta.activation-api-1.2.2.jar;C:\R\org\junit\jupiter\junit-jupiter\5.5.2\junit-jupiter-5.5.2.jar;C:\R\org\junit\jupiter\junit-jupiter-api\5.5.2\junit-jupiter-api-5.5.2.jar;C:\R\org\apiguardian\apiguardian-api\1.1.0\apiguardian-api-1.1.0.jar;C:\R\org\opentest4j\opentest4j\1.2.0\opentest4j-1.2.0.jar;C:\R\org\junit\platform\junit-platform-commons\1.5.2\junit-platform-commons-1.5.2.jar;C:\R\org\junit\jupiter\junit-jupiter-params\5.5.2\junit-jupiter-params-5.5.2.jar;C:\R\org\junit\jupiter\junit-jupiter-engine\5.5.2\junit-jupiter-engine-5.5.2.jar;C:\R\org\junit\platform\junit-platform-engine\1.5.2\junit-platform-engine-1.5.2.jar;C:\R\org\mockito\mockito-junit-jupiter\3.1.0\mockito-junit-jupiter-3.1.0.jar;C:\R\org\assertj\assertj-core\3.13.2\assertj-core-3.13.2.jar;C:\R\org\hamcrest\hamcrest\2.1\hamcrest-2.1.jar;C:\R\org\mockito\mockito-core\3.1.0\mockito-core-3.1.0.jar;C:\R\net\bytebuddy\byte-buddy\1.10.17\byte-buddy-1.10.17.jar;C:\R\net\bytebuddy\byte-buddy-agent\1.10.17\byte-buddy-agent-1.10.17.jar;C:\R\org\objenesis\objenesis\2.6\objenesis-2.6.jar;C:\R\org\skyscreamer\jsonassert\1.5.0\jsonassert-1.5.0.jar;C:\R\com\vaadin\external\google\android-json\0.0.20131108.vaadin1\android-json-0.0.20131108.vaadin1.jar;C:\R\org\springframework\spring-test\5.2.10.RELEASE\spring-test-5.2.10.RELEASE.jar;C:\R\org\xmlunit\xmlunit-core\2.6.4\xmlunit-core-2.6.4.jar;C:\R\junit\junit\4.13\junit-4.13.jar;C:\R\org\hamcrest\hamcrest-core\2.1\hamcrest-core-2.1.jar;"/>
    <property name="sun.cpu.endian" value="little"/>
    <property name="user.home" value="C:\Users\f5058651"/>
    <property name="user.language" value="en"/>
    <property name="java.specification.vendor" value="Oracle Corporation"/>
    <property name="java.version.date" value="2020-01-14"/>
    <property name="java.home" value="C:\Program Files\Java\jdk11.0_6"/>
    <property name="file.separator" value="\"/>
    <property name="basedir" value="C:\Users\f5058651\Documents\Work\Loans\Projects\five-card\five-card"/>
    <property name="java.vm.compressedOopsMode" value="Zero based"/>
    <property name="line.separator" value="&#10;"/>
    <property name="java.specification.name" value="Java Platform API Specification"/>
    <property name="java.vm.specification.vendor" value="Oracle Corporation"/>
    <property name="java.awt.graphicsenv" value="sun.awt.Win32GraphicsEnvironment"/>
    <property name="surefire.real.class.path" value="C:\Users\f5058651\AppData\Local\Temp\surefire16083246621050041750\surefirebooter5405956928129439199.jar"/>
    <property name="user.script" value=""/>
    <property name="sun.management.compiler" value="HotSpot 64-Bit Tiered Compilers"/>
    <property name="java.runtime.version" value="11.0.6+8-LTS"/>
    <property name="user.name" value="F5058651"/>
    <property name="path.separator" value=";"/>
    <property name="os.version" value="10.0"/>
    <property name="java.runtime.name" value="Java(TM) SE Runtime Environment"/>
    <property name="file.encoding" value="Cp1252"/>
    <property name="java.vm.name" value="Java HotSpot(TM) 64-Bit Server VM"/>
    <property name="java.vendor.version" value="18.9"/>
    <property name="localRepository" value="C:\R"/>
    <property name="java.vendor.url.bug" value="http://bugreport.java.com/bugreport/"/>
    <property name="java.io.tmpdir" value="C:\Users\f5058651\AppData\Local\Temp\"/>
    <property name="java.version" value="11.0.6"/>
    <property name="user.dir" value="C:\Users\f5058651\Documents\Work\Loans\Projects\five-card\five-card"/>
    <property name="os.arch" value="amd64"/>
    <property name="java.vm.specification.name" value="Java Virtual Machine Specification"/>
    <property name="java.awt.printerjob" value="sun.awt.windows.WPrinterJob"/>
    <property name="sun.os.patch.level" value=""/>
    <property name="java.library.path" value="C:\Program Files\Java\jdk11.0_6\bin;C:\Windows\Sun\Java\bin;C:\Windows\system32;C:\Windows;C:\app\F5058651\product\11.2.0\client_1\bin;C:\Program Files\Java\jdk11.0_6\bin;C:\Program Files (x86)\CA\SharedComponents\PEC\bin;C:\Program Files (x86)\Common Files\Oracle\Java\javapath;C:\Program Files\CA\SCM\x86;C:\Program Files\CA\SCM;C:\Windows\system32;C:\Windows;C:\Windows\System32\Wbem;C:\Windows\System32\WindowsPowerShell\v1.0\;C:\Windows\CCM;C:\Users\f5058651\Documents\Work\Loans\Software\Maven\apache-maven-3.6.0-bin\apache-maven-3.6.0\bin;C:\Windows\system32;C:\Windows;C:\Windows\System32\Wbem;C:\Windows\System32\WindowsPowerShell\v1.0\;C:\Windows\CCM;C:\Windows\system32;C:\Windows;C:\Windows\System32\Wbem;C:\Windows\System32\WindowsPowerShell\v1.0\;C:\Windows\CCM;C:\Windows\System32;C:\Windows\system32\config\systemprofile\AppData\Local\Microsoft\WindowsApps;C:\Program Files (x86)\Adaptiva\AdaptivaClient\bin\x32;C:\Program Files (x86)\Adaptiva\AdaptivaClient\bin\x64;C:\Program Files\TortoiseSVN\bin;C:\Program Files\SourceGear\Common\DiffMerge\;C:\Program Files (x86)\Microsoft SQL Server\Client SDK\ODBC\130\Tools\Binn\;C:\Program Files (x86)\Microsoft SQL Server\140\Tools\Binn\;C:\Program Files (x86)\Microsoft SQL Server\140\DTS\Binn\;C:\Program Files (x86)\Microsoft SQL Server\140\Tools\Binn\ManagementStudio\;C:\Program Files\Docker\Docker\resources\bin;C:\ProgramData\DockerDesktop\version-bin;C:\Program Files\PostgreSQL\10\bin;C:\Program Files\Java\jdk1.8.0_251\bin;C:\Program Files (x86)\PuTTY\;C:\Program Files\PuTTY\;C:\Users\f5058651\Documents\Work\Loans\Software\Git\Git\cmd;C:\Program Files\MySQL\MySQL Shell 8.0\bin\;C:\Users\f5058651\AppData\Local\Microsoft\WindowsApps;C:\Users\f5058651\Documents\Work\Loans\Software\Maven\apache-maven-3.6.0-bin\apache-maven-3.6.0\bin;C:\Program Files (x86)\Nmap;;."/>
    <property name="java.vendor" value="Oracle Corporation"/>
    <property name="java.vm.info" value="mixed mode"/>
    <property name="java.vm.version" value="11.0.6+8-LTS"/>
    <property name="sun.io.unicode.encoding" value="UnicodeLittle"/>
    <property name="java.class.version" value="55.0"/>
  </properties>
  <testcase name="testPrintEvaluation" classname="za.co.laz.poker.fivecard.FiveCardApplicationTests" time="0.561"/>
  <testcase name="contextLoads" classname="za.co.laz.poker.fivecard.FiveCardApplicationTests" time="0.003"/>
  <testcase name="testDealHand" classname="za.co.laz.poker.fivecard.FiveCardApplicationTests" time="0.099"/>
</testsuite>